Unity Editor version:    2020.3.30f1 (1fb1bf06830e)
Branch:                  2020.3/staging
Build type:              Release
Batch mode:              YES
macOS version:           Version 12.4 (Build 21F79)
Darwin version:          21.5.0
Architecture:            x86_64
Running under Rosetta:   NO
Available memory:        32768 MB
Using pre-set license
Pro License: NO

COMMAND LINE ARGUMENTS:
/Applications/Unity/Hub/Editor/2020.3.30f1/Unity.app/Contents/MacOS/Unity
-adb2
-batchMode
-noUpm
-name
AssetImportWorker0
-projectPath
/Users/miawittenmeier/Documents/SeriousGame_Prototype/SeriousGame_Prototype
-logFile
Logs/AssetImportWorker0.log
-srvPort
50426
Successfully changed project path to: /Users/miawittenmeier/Documents/SeriousGame_Prototype/SeriousGame_Prototype
/Users/miawittenmeier/Documents/SeriousGame_Prototype/SeriousGame_Prototype
Using Asset Import Pipeline V2.
Refreshing native plugins compatible for Editor in 26.48 ms, found 2 plugins.
Preloading 0 native plugins for Editor in 0.00 ms.
Initialize engine version: 2020.3.30f1 (1fb1bf06830e)
[Subsystems] Discovering subsystems at path /Applications/Unity/Hub/Editor/2020.3.30f1/Unity.app/Contents/Resources/UnitySubsystems
[Subsystems] Discovering subsystems at path /Users/miawittenmeier/Documents/SeriousGame_Prototype/SeriousGame_Prototype/Assets
GfxDevice: creating device client; threaded=0
2022-07-06 14:31:27.028 Unity[1632:97192] Color LCD preferred device: Intel(R) UHD Graphics 630 (low power)
2022-07-06 14:31:27.028 Unity[1632:97192] Metal devices available: 2
2022-07-06 14:31:27.028 Unity[1632:97192] 0: AMD Radeon Pro 5500M (high power)
2022-07-06 14:31:27.028 Unity[1632:97192] 1: Intel(R) UHD Graphics 630 (low power)
2022-07-06 14:31:27.029 Unity[1632:97192] Using device AMD Radeon Pro 5500M (high power)
Initializing Metal device caps: AMD Radeon Pro 5500M
Initialize mono
Mono path[0] = '/Applications/Unity/Hub/Editor/2020.3.30f1/Unity.app/Contents/Managed'
Mono path[1] = '/Applications/Unity/Hub/Editor/2020.3.30f1/Unity.app/Contents/MonoBleedingEdge/lib/mono/unityjit'
Mono config path = '/Applications/Unity/Hub/Editor/2020.3.30f1/Unity.app/Contents/MonoBleedingEdge/etc'
Using monoOptions --debugger-agent=transport=dt_socket,embedding=1,server=y,suspend=n,address=127.0.0.1:56632
Begin MonoManager ReloadAssembly
Registering precompiled unity dll's ...
Register platform support module: /Applications/Unity/Hub/Editor/2020.3.30f1/Unity.app/Contents/PlaybackEngines/MacStandaloneSupport/UnityEditor.OSXStandalone.Extensions.dll
Registered in 0.000289 seconds.
Native extension for OSXStandalone target not found
Refreshing native plugins compatible for Editor in 25.31 ms, found 2 plugins.
Preloading 0 native plugins for Editor in 0.00 ms.
Mono: successfully reloaded assembly
- Completed reload, in  0.520 seconds
Domain Reload Profiling:
	ReloadAssembly (520ms)
		BeginReloadAssembly (40ms)
			ExecutionOrderSort (0ms)
			DisableScriptedObjects (0ms)
			BackupInstance (0ms)
			ReleaseScriptingObjects (0ms)
			CreateAndSetChildDomain (1ms)
		EndReloadAssembly (415ms)
			LoadAssemblies (39ms)
			RebuildTransferFunctionScriptingTraits (0ms)
			SetupTypeCache (154ms)
			ReleaseScriptCaches (0ms)
			RebuildScriptCaches (32ms)
			SetupLoadedEditorAssemblies (155ms)
				LogAssemblyErrors (0ms)
				InitializePlatformSupportModulesInManaged (4ms)
				SetLoadedEditorAssemblies (0ms)
				RefreshPlugins (25ms)
				BeforeProcessingInitializeOnLoad (9ms)
				ProcessInitializeOnLoadAttributes (91ms)
				ProcessInitializeOnLoadMethodAttributes (26ms)
				AfterProcessingInitializeOnLoad (0ms)
				EditorAssembliesLoaded (0ms)
			ExecutionOrderSort2 (0ms)
			AwakeInstancesAfterBackupRestoration (0ms)
Platform modules already initialized, skipping
Registering precompiled user dll's ...
Registered in 0.000857 seconds.
Begin MonoManager ReloadAssembly
Native extension for OSXStandalone target not found
Refreshing native plugins compatible for Editor in 0.29 ms, found 2 plugins.
Preloading 0 native plugins for Editor in 0.00 ms.
Mono: successfully reloaded assembly
- Completed reload, in  0.900 seconds
Domain Reload Profiling:
	ReloadAssembly (901ms)
		BeginReloadAssembly (133ms)
			ExecutionOrderSort (0ms)
			DisableScriptedObjects (4ms)
			BackupInstance (0ms)
			ReleaseScriptingObjects (0ms)
			CreateAndSetChildDomain (21ms)
		EndReloadAssembly (716ms)
			LoadAssemblies (64ms)
			RebuildTransferFunctionScriptingTraits (0ms)
			SetupTypeCache (259ms)
			ReleaseScriptCaches (0ms)
			RebuildScriptCaches (43ms)
			SetupLoadedEditorAssemblies (259ms)
				LogAssemblyErrors (0ms)
				InitializePlatformSupportModulesInManaged (3ms)
				SetLoadedEditorAssemblies (0ms)
				RefreshPlugins (0ms)
				BeforeProcessingInitializeOnLoad (57ms)
				ProcessInitializeOnLoadAttributes (189ms)
				ProcessInitializeOnLoadMethodAttributes (8ms)
				AfterProcessingInitializeOnLoad (1ms)
				EditorAssembliesLoaded (0ms)
			ExecutionOrderSort2 (0ms)
			AwakeInstancesAfterBackupRestoration (6ms)
Platform modules already initialized, skipping
Validating Project structure ... 0.001209 seconds.
Shader import version has changed; will reimport all shaders...
Upgrading shader files ...0.011507 seconds.
Application.AssetDatabase Initial Script Refresh Start
RefreshInfo: InitialScriptRefreshV2(NoUpdateAssetOptions) scanfilter:  ... 1 filters
RefreshProfiler: Total: 0.000ms
Application.AssetDatabase Initial Script Refresh End
Application.AssetDatabase.Refresh Start
Application.AssetDatabase.Refresh End
RefreshInfo: StopAssetImportingV2(ForceSynchronousImport) scanfilter: 
RefreshProfiler: Total: 0.000ms
Launching external process: /Applications/Unity/Hub/Editor/2020.3.30f1/Unity.app/Contents/Tools/UnityShaderCompiler
Launched and connected shader compiler UnityShaderCompiler after 0.01 seconds
Initializing Unity extensions:
2022-07-06 14:31:28.946 Unity[1632:97192] NSEventModifierFlagFunction specified to -setKeyEquivalentModifierMask: for item <NSMenuItem: 0x600003d80b60 Font Asset, ke='Command-F12'>, but is only supported for system-provided menu items; will not be used
2022-07-06 14:31:28.949 Unity[1632:97192] NSEventModifierFlagFunction specified to -setKeyEquivalentModifierMask: for item <NSMenuItem: 0x600003d909a0 Font Asset, ke='Command-F12'>, but is only supported for system-provided menu items; will not be used
========================================================================
Worker process is ready to serve import requests
Refreshing native plugins compatible for Editor in 0.17 ms, found 2 plugins.
Preloading 0 native plugins for Editor in 0.00 ms.
Unloading 1532 Unused Serialized files (Serialized files now loaded: 0)
System memory in use before: 181.0 MB.
System memory in use after: 180.2 MB.

Unloading 93 unused Assets to reduce memory usage. Loaded Objects now: 2008.
Total: 2.816983 ms (FindLiveObjects: 0.099994 ms CreateObjectMapping: 0.037874 ms MarkObjects: 2.246514 ms  DeleteObjects: 0.432046 ms)

AssetImportParameters requested are different than current active one (requested -> active):
  custom:video-decoder-ogg-theora: a1e56fd34408186e4bbccfd4996cb3dc -> 
  custom:container-muxer-webm: aa71ff27fc2769a1b78a27578f13a17b -> 
  custom:container-demuxer-webm: 4f35f7cbe854078d1ac9338744f61a02 -> 
  custom:container-demuxer-ogg: 62fdf1f143b41e24485cea50d1cbac27 -> 
  custom:video-encoder-webm-vp8: eb34c28f22e8b96e1ab97ce403110664 -> 
  custom:framework-osx-AVFoundation: e770b220cccbd017edd2c1fefb359320 -> 
  custom:video-decoder-webm-vp8: 9c59270c3fd7afecdb556c50c9e8de78 -> 
  custom:audio-decoder-ogg-vorbis: bf7c407c2cedff20999df2af8eb42d56 -> 
  custom:audio-encoder-webm-vorbis: bf7c407c2cedff20999df2af8eb42d56 -> 
========================================================================
Received Import Request.
  path: Assets/Images/Sprites/Papier.png
  artifactKey: Guid(493b93ddc118f42188d80f06a6d1cb6b) Importer(815301076,1909f56bfc062723c751e8b465ee728b)
Start importing Assets/Images/Sprites/Papier.png using Guid(493b93ddc118f42188d80f06a6d1cb6b) Importer(815301076,1909f56bfc062723c751e8b465ee728b)  -> (artifact id: '21e837c93ba06a272af16fbac51af474') in 0.705272 seconds 
========================================================================
Received Import Request.
  Time since last request: 5.705086 seconds.
  path: Assets/Images/Sprites/Papier.png
  artifactKey: Guid(493b93ddc118f42188d80f06a6d1cb6b) Importer(815301076,1909f56bfc062723c751e8b465ee728b)
Start importing Assets/Images/Sprites/Papier.png using Guid(493b93ddc118f42188d80f06a6d1cb6b) Importer(815301076,1909f56bfc062723c751e8b465ee728b)  -> (artifact id: '50761a56641866fb7cf2a8f317d01717') in 0.030252 seconds 
========================================================================
Received Import Request.
  Time since last request: 13.240011 seconds.
  path: Assets/Images/Sprites/Pinsel & Farbe.png
  artifactKey: Guid(e29efe3f1dda349f198545d914775120) Importer(815301076,1909f56bfc062723c751e8b465ee728b)
Start importing Assets/Images/Sprites/Pinsel & Farbe.png using Guid(e29efe3f1dda349f198545d914775120) Importer(815301076,1909f56bfc062723c751e8b465ee728b)  -> (artifact id: 'aecc70451c8688edb7f25ddd2d63c415') in 0.013909 seconds 
========================================================================
Received Import Request.
  Time since last request: 5.271406 seconds.
  path: Assets/Images/Sprites/Pinsel & Farbe.png
  artifactKey: Guid(e29efe3f1dda349f198545d914775120) Importer(815301076,1909f56bfc062723c751e8b465ee728b)
Start importing Assets/Images/Sprites/Pinsel & Farbe.png using Guid(e29efe3f1dda349f198545d914775120) Importer(815301076,1909f56bfc062723c751e8b465ee728b)  -> (artifact id: 'dce62d9c4dca8b2ee62ba5558d76ea89') in 0.011356 seconds 
========================================================================
Received Import Request.
  Time since last request: 4.871589 seconds.
  path: Assets/Images/Sprites/Chipstüte.png
  artifactKey: Guid(7ba7245ff4e254588aeb92acfba12ccf) Importer(815301076,1909f56bfc062723c751e8b465ee728b)
Start importing Assets/Images/Sprites/Chipstüte.png using Guid(7ba7245ff4e254588aeb92acfba12ccf) Importer(815301076,1909f56bfc062723c751e8b465ee728b)  -> (artifact id: '7b415f00f57105e1c01d88453c6684cb') in 0.013131 seconds 
========================================================================
Received Import Request.
  Time since last request: 4.893932 seconds.
  path: Assets/Images/Sprites/Chipstüte.png
  artifactKey: Guid(7ba7245ff4e254588aeb92acfba12ccf) Importer(815301076,1909f56bfc062723c751e8b465ee728b)
Start importing Assets/Images/Sprites/Chipstüte.png using Guid(7ba7245ff4e254588aeb92acfba12ccf) Importer(815301076,1909f56bfc062723c751e8b465ee728b)  -> (artifact id: '54b1c3486cd4eb9f0455bec046c1babc') in 0.022430 seconds 
========================================================================
Received Import Request.
  Time since last request: 3.977046 seconds.
  path: Assets/Images/Sprites/Bilderrahmen.png
  artifactKey: Guid(9b1abf843057d46bb8cbb0a84025bddd) Importer(815301076,1909f56bfc062723c751e8b465ee728b)
Start importing Assets/Images/Sprites/Bilderrahmen.png using Guid(9b1abf843057d46bb8cbb0a84025bddd) Importer(815301076,1909f56bfc062723c751e8b465ee728b)  -> (artifact id: 'b1bf46cb73fcef3758fd5c82d8d03da8') in 0.013217 seconds 
========================================================================
Received Import Request.
  Time since last request: 4.763576 seconds.
  path: Assets/Images/Sprites/Bilderrahmen.png
  artifactKey: Guid(9b1abf843057d46bb8cbb0a84025bddd) Importer(815301076,1909f56bfc062723c751e8b465ee728b)
Start importing Assets/Images/Sprites/Bilderrahmen.png using Guid(9b1abf843057d46bb8cbb0a84025bddd) Importer(815301076,1909f56bfc062723c751e8b465ee728b)  -> (artifact id: 'f1817ae0fdcdc987895ecf6af30ce9e7') in 0.012848 seconds 
========================================================================
Received Import Request.
  Time since last request: 3.604189 seconds.
  path: Assets/Images/Sprites/Teddy.png
  artifactKey: Guid(81302ab75daa144c784efd246c06e14a) Importer(815301076,1909f56bfc062723c751e8b465ee728b)
Start importing Assets/Images/Sprites/Teddy.png using Guid(81302ab75daa144c784efd246c06e14a) Importer(815301076,1909f56bfc062723c751e8b465ee728b)  -> (artifact id: '23d72bb325f6aa92ab1a599a9ef668ca') in 0.013307 seconds 
========================================================================
Received Import Request.
  Time since last request: 5.419769 seconds.
  path: Assets/Images/Sprites/Teddy.png
  artifactKey: Guid(81302ab75daa144c784efd246c06e14a) Importer(815301076,1909f56bfc062723c751e8b465ee728b)
Start importing Assets/Images/Sprites/Teddy.png using Guid(81302ab75daa144c784efd246c06e14a) Importer(815301076,1909f56bfc062723c751e8b465ee728b)  -> (artifact id: '3a5b78807afce00f49b7da17c932b303') in 0.011147 seconds 
========================================================================
Received Import Request.
  Time since last request: 3.753018 seconds.
  path: Assets/Images/Sprites/Tonne.png
  artifactKey: Guid(35561c980aab14a7689bcc5841c99443) Importer(815301076,1909f56bfc062723c751e8b465ee728b)
Start importing Assets/Images/Sprites/Tonne.png using Guid(35561c980aab14a7689bcc5841c99443) Importer(815301076,1909f56bfc062723c751e8b465ee728b)  -> (artifact id: 'b267c0f2a4b3402601ae0d9ac669ea0a') in 0.013149 seconds 
========================================================================
Received Import Request.
  Time since last request: 4.853370 seconds.
  path: Assets/Images/Sprites/Tonne.png
  artifactKey: Guid(35561c980aab14a7689bcc5841c99443) Importer(815301076,1909f56bfc062723c751e8b465ee728b)
Start importing Assets/Images/Sprites/Tonne.png using Guid(35561c980aab14a7689bcc5841c99443) Importer(815301076,1909f56bfc062723c751e8b465ee728b)  -> (artifact id: 'ade9b005c1c4420b900cd0c3946abbdf') in 0.012218 seconds 
========================================================================
Received Prepare
Registering precompiled user dll's ...
Registered in 0.000989 seconds.
Begin MonoManager ReloadAssembly
Native extension for OSXStandalone target not found
Refreshing native plugins compatible for Editor in 0.29 ms, found 2 plugins.
Preloading 0 native plugins for Editor in 0.00 ms.
2022-07-06 17:14:53.972 Unity[1632:97192] NSEventModifierFlagFunction specified to -setKeyEquivalentModifierMask: for item <NSMenuItem: 0x600003dff100 Font Asset, ke='Command-F12'>, but is only supported for system-provided menu items; will not be used
Mono: successfully reloaded assembly
- Completed reload, in  1.226 seconds
Domain Reload Profiling:
	ReloadAssembly (1227ms)
		BeginReloadAssembly (416ms)
			ExecutionOrderSort (0ms)
			DisableScriptedObjects (4ms)
			BackupInstance (0ms)
			ReleaseScriptingObjects (0ms)
			CreateAndSetChildDomain (40ms)
		EndReloadAssembly (747ms)
			LoadAssemblies (376ms)
			RebuildTransferFunctionScriptingTraits (0ms)
			SetupTypeCache (259ms)
			ReleaseScriptCaches (1ms)
			RebuildScriptCaches (40ms)
			SetupLoadedEditorAssemblies (278ms)
				LogAssemblyErrors (0ms)
				InitializePlatformSupportModulesInManaged (4ms)
				SetLoadedEditorAssemblies (0ms)
				RefreshPlugins (0ms)
				BeforeProcessingInitializeOnLoad (93ms)
				ProcessInitializeOnLoadAttributes (172ms)
				ProcessInitializeOnLoadMethodAttributes (7ms)
				AfterProcessingInitializeOnLoad (1ms)
				EditorAssembliesLoaded (0ms)
			ExecutionOrderSort2 (0ms)
			AwakeInstancesAfterBackupRestoration (7ms)
Platform modules already initialized, skipping
Refreshing native plugins compatible for Editor in 0.25 ms, found 2 plugins.
Preloading 0 native plugins for Editor in 0.00 ms.
Unloading 1512 Unused Serialized files (Serialized files now loaded: 0)
System memory in use before: 182.4 MB.
System memory in use after: 182.5 MB.

Unloading 12 unused Assets to reduce memory usage. Loaded Objects now: 2019.
Total: 2.228928 ms (FindLiveObjects: 0.094604 ms CreateObjectMapping: 0.037963 ms MarkObjects: 2.081439 ms  DeleteObjects: 0.014291 ms)

AssetImportParameters requested are different than current active one (requested -> active):
  custom:video-decoder-ogg-theora: a1e56fd34408186e4bbccfd4996cb3dc -> 
  custom:container-muxer-webm: aa71ff27fc2769a1b78a27578f13a17b -> 
  custom:container-demuxer-webm: 4f35f7cbe854078d1ac9338744f61a02 -> 
  custom:container-demuxer-ogg: 62fdf1f143b41e24485cea50d1cbac27 -> 
  custom:video-encoder-webm-vp8: eb34c28f22e8b96e1ab97ce403110664 -> 
  custom:framework-osx-AVFoundation: e770b220cccbd017edd2c1fefb359320 -> 
  custom:video-decoder-webm-vp8: 9c59270c3fd7afecdb556c50c9e8de78 -> 
  custom:audio-decoder-ogg-vorbis: bf7c407c2cedff20999df2af8eb42d56 -> 
  custom:audio-encoder-webm-vorbis: bf7c407c2cedff20999df2af8eb42d56 -> 
AssetImportWorkerClient::OnTransportError - code=2 error=End of file
